11/03/2021, 22:02:25 - INFO - Server is running on port: 3030 | 15 | popo 
11/03/2021, 22:04:53 - INFO - Server is running on port: 3030 | 15 | popo 
11/03/2021, 22:09:38 - INFO - Server is running on port: 3030 | 15 | popo 
11/03/2021, 22:11:50 - INFO - Server is running on port: 3030 | 15 | popo 
11/03/2021, 22:14:07 - INFO - Server is running on port: 3030 | 15 | popo 
11/03/2021, 22:14:43 - INFO - Server is running on port: 3030 | 15 | popo 
12/03/2021, 17:38:44 - INFO - Server is running on port: 3030 | 15 | popo 
12/03/2021, 17:45:31 - INFO - Server is running on port: 3030 | 15 | popo 
12/03/2021, 17:47:07 - INFO - Server is running on port: 3030 | 15 | popo 
12/03/2021, 17:47:30 - INFO - Server is running on port: 3030 | 15 | popo 
12/03/2021, 17:47:51 - INFO - Server is running on port: 3030 | 15 | popo 
12/03/2021, 17:49:06 - INFO - Server is running on port: 3030 | 15 | popo 
12/03/2021, 17:53:24 - INFO - Server is running on port: 3030 | 15 | popo 
12/03/2021, 17:55:40 - INFO - Server is running on port: 3030 | 15 | popo 
12/03/2021, 17:57:01 - INFO - Server is running on port: 3030 | 15 | popo 
12/03/2021, 17:58:42 - INFO - Server is running on port: 3030 | 15 | popo 
12/03/2021, 17:59:14 - INFO - Server is running on port: 3030 | 15 | popo 
12/03/2021, 17:59:48 - INFO - Server is running on port: 3030 | 15 | popo 
12/03/2021, 18:00:20 - INFO - Server is running on port: 3030 | 15 | popo 
12/03/2021, 18:00:40 - INFO - Server is running on port: 3030 | 15 | popo 
12/03/2021, 18:02:14 - INFO - Server is running on port: 3030 | 15 | popo 
12/03/2021, 18:03:10 - INFO - Server is running on port: 3030 | 15 | popo 
12/03/2021, 18:03:11 - ERROR - Failed to get Mongo collection | {} (sid: B-2VqY15P2wIV51IBCCpIHtie_zV_t8f)
12/03/2021, 18:03:49 - INFO - Server is running on port: 3030 | 15 | popo 
12/03/2021, 18:03:49 - ERROR - Failed to get Mongo collection | {} (sid: 036lLP2pihXiVBTjIcjXLFnD8dMuyx-i)
12/03/2021, 18:04:27 - INFO - Server is running on port: 3030 | 15 | popo 
12/03/2021, 18:09:14 - INFO - Server is running on port: 3030 | 15 | popo 
12/03/2021, 18:12:13 - INFO - Server is running on port: 3030 | 15 | popo 
12/03/2021, 18:12:29 - INFO - Server is running on port: 3030 | 15 | popo 
12/03/2021, 18:13:25 - INFO - Server is running on port: 3030 | 15 | popo 
12/03/2021, 18:14:06 - INFO - Server is running on port: 3030 | 15 | popo 
12/03/2021, 18:15:27 - INFO - Server is running on port: 3030 | 15 | popo 
12/03/2021, 18:40:39 - INFO - Server is running on port: 3030 | 15 | popo 
12/03/2021, 18:42:36 - INFO - Server is running on port: 3030 | 15 | popo 
12/03/2021, 18:49:12 - INFO - Server is running on port: 3030 | 15 | popo 
12/03/2021, 18:52:41 - INFO - Server is running on port: 3030 | 15 | popo 
12/03/2021, 18:54:22 - INFO - Server is running on port: 3030 | 15 | popo 
12/03/2021, 18:59:55 - ERROR - Failed to get toy | {} (sid: ba1vcasYNHkHq5W-O-KAMdCFnlGXFopG)
12/03/2021, 19:00:42 - ERROR - Failed to get toy | {} (sid: ba1vcasYNHkHq5W-O-KAMdCFnlGXFopG)
12/03/2021, 19:00:51 - ERROR - Failed to get toy | {} (sid: ba1vcasYNHkHq5W-O-KAMdCFnlGXFopG)
12/03/2021, 19:01:33 - ERROR - Failed to get toy | {} (sid: ba1vcasYNHkHq5W-O-KAMdCFnlGXFopG)
12/03/2021, 19:01:36 - ERROR - Failed to get toy | {} (sid: ba1vcasYNHkHq5W-O-KAMdCFnlGXFopG)
12/03/2021, 19:03:22 - ERROR - Failed to get toy | {} (sid: ba1vcasYNHkHq5W-O-KAMdCFnlGXFopG)
12/03/2021, 19:09:25 - ERROR - Failed to get toy | {} (sid: ba1vcasYNHkHq5W-O-KAMdCFnlGXFopG)
12/03/2021, 19:09:51 - ERROR - Failed to get toy | {} (sid: ba1vcasYNHkHq5W-O-KAMdCFnlGXFopG)
12/03/2021, 19:10:37 - ERROR - Failed to get toy | {} (sid: ba1vcasYNHkHq5W-O-KAMdCFnlGXFopG)
12/03/2021, 19:11:43 - ERROR - Failed to get toy | {} (sid: ba1vcasYNHkHq5W-O-KAMdCFnlGXFopG)
12/03/2021, 19:12:16 - INFO - Server is running on port: 3030 | 15 | popo 
12/03/2021, 19:13:45 - INFO - Server is running on port: 3030 | 15 | popo 
12/03/2021, 19:13:57 - ERROR - Failed to get toy | {} (sid: KtbIMKV8z39m_X50c9l4FWGfnLdneUkC)
12/03/2021, 19:17:52 - INFO - Server is running on port: 3030 | 15 | popo 
12/03/2021, 19:18:15 - ERROR - Failed to get toy | {} (sid: NjOf5rBhSc9jq5cfnRQ6RRFIQX5o1_D2)
12/03/2021, 19:19:03 - INFO - Server is running on port: 3030 | 15 | popo 
12/03/2021, 19:21:17 - INFO - Server is running on port: 3030 | 15 | popo 
12/03/2021, 19:22:03 - INFO - Server is running on port: 3030 | 15 | popo 
12/03/2021, 19:22:43 - INFO - Server is running on port: 3030 | 15 | popo 
12/03/2021, 19:33:33 - INFO - Server is running on port: 3030 | 15 | popo 
12/03/2021, 19:34:22 - INFO - Server is running on port: 3030 | 15 | popo 
12/03/2021, 19:35:54 - INFO - Server is running on port: 3030 | 15 | popo 
12/03/2021, 19:36:08 - ERROR - Failed to get toy | {} (sid: xs7sENBHxudaMTa4lQv9s9mPORHDtoCS)
12/03/2021, 19:36:28 - ERROR - Failed to get toy | {} (sid: xs7sENBHxudaMTa4lQv9s9mPORHDtoCS)
12/03/2021, 19:37:14 - ERROR - Failed to get toy | {} (sid: xs7sENBHxudaMTa4lQv9s9mPORHDtoCS)
12/03/2021, 19:37:29 - ERROR - Failed to get toy | {} (sid: xs7sENBHxudaMTa4lQv9s9mPORHDtoCS)
12/03/2021, 19:37:34 - INFO - Server is running on port: 3030 | 15 | popo 
12/03/2021, 19:58:19 - ERROR - ERROR: cannot remove toy 1115 (sid: 8D4WNqgissdmjuplG4eo8OLYcDtkOTZL)
12/03/2021, 19:59:33 - ERROR - ERROR: cannot remove toy 1115 (sid: 8D4WNqgissdmjuplG4eo8OLYcDtkOTZL)
12/03/2021, 20:00:03 - ERROR - ERROR: cannot remove toy 1115 (sid: 8D4WNqgissdmjuplG4eo8OLYcDtkOTZL)
12/03/2021, 20:00:38 - ERROR - ERROR: cannot remove toy 1115 (sid: 8D4WNqgissdmjuplG4eo8OLYcDtkOTZL)
12/03/2021, 20:05:49 - INFO - Server is running on port: 3030 | 15 | popo 
12/03/2021, 20:08:29 - ERROR - ERROR: cannot remove toy 1115 (sid: Z_RCPm6dpEG2FQYpsMRUfnVvVu6prfOq)
12/03/2021, 20:18:14 - INFO - Server is running on port: 3030 | 15 | popo 
12/03/2021, 20:18:56 - ERROR - Failed to save toy | {} (sid: G1l6ui5Lg2T60G1259c4CKedoFst-S8N)
12/03/2021, 20:19:24 - INFO - Server is running on port: 3030 | 15 | popo 
13/03/2021, 14:20:08 - INFO - Server is running on port: 3030 | 15 | popo 
13/03/2021, 14:30:08 - INFO - Server is running on port: 3030 | 15 | popo 
13/03/2021, 14:35:00 - INFO - Server is running on port: 3030 | 15 | popo 
13/03/2021, 14:38:15 - INFO - Server is running on port: 3030 | 15 | popo 
13/03/2021, 14:46:01 - INFO - Server is running on port: 3030 | 15 | popo 
13/03/2021, 14:49:25 - INFO - Server is running on port: 3030 | 15 | popo 
13/03/2021, 14:52:32 - INFO - Server is running on port: 3030 | 15 | popo 
13/03/2021, 15:17:43 - INFO - Server is running on port: 3030 
13/03/2021, 15:18:39 - INFO - Server is running on port: 3030 
13/03/2021, 15:20:24 - INFO - Server is running on port: 3030 
13/03/2021, 15:24:11 - INFO - Server is running on port: 3030 
13/03/2021, 15:25:39 - INFO - Server is running on port: 3030 
13/03/2021, 15:28:01 - INFO - Server is running on port: 3030 
13/03/2021, 15:32:07 - INFO - Server is running on port: 3030 
13/03/2021, 15:35:54 - INFO - Server is running on port: 3030 
13/03/2021, 16:00:17 - INFO - Server is running on port: 3030 
13/03/2021, 16:03:44 - INFO - Server is running on port: 3030 
13/03/2021, 16:06:19 - INFO - Server is running on port: 3030 
13/03/2021, 16:12:07 - INFO - Server is running on port: 3030 
13/03/2021, 16:17:10 - INFO - Server is running on port: 3030 
13/03/2021, 21:20:50 - INFO - Server is running on port: 3030 
13/03/2021, 21:21:21 - INFO - Server is running on port: 3030 
13/03/2021, 21:21:51 - INFO - Server is running on port: 3030 
13/03/2021, 21:22:56 - INFO - Server is running on port: 3030 
13/03/2021, 21:25:09 - INFO - Server is running on port: 3030 
